#
# A fatal error has been detected by the Java Runtime Environment:
#
#  EXCEPTION_ACCESS_VIOLATION (0xc0000005) at pc=0x00007ff9810fbfe2, pid=18464, tid=17972
#
# JRE version: OpenJDK Runtime Environment JBR-17.0.7+10-829.16-jcef (17.0.7+10) (build 17.0.7+10-b829.16)
# Java VM: OpenJDK 64-Bit Server VM JBR-17.0.7+10-829.16-jcef (17.0.7+10-b829.16, mixed mode, tiered, compressed oops, compressed class ptrs, g1 gc, windows-amd64)
# Problematic frame:
# V  [jvm.dll+0x3ebfe2]
#
# No core dump will be written. Minidumps are not enabled by default on client versions of Windows
#
# If you would like to submit a bug report, please visit:
#   https://youtrack.jetbrains.com/issues/JBR
#

---------------  S U M M A R Y ------------

Command Line: -Djava.library.path=C:\Users\85963\IdeaProjects\demo1\build\classes\kotlin\jvm\main;C:\Users\85963\IdeaProjects\demo1\build\processedResources\jvm\main -javaagent:C:\Program Files\JetBrains\IntelliJ IDEA Community Edition 2023.1.4\lib\idea_rt.jar=54558:C:\Program Files\JetBrains\IntelliJ IDEA Community Edition 2023.1.4\bin -Dfile.encoding=UTF-8 MainKt

Host: 11th Gen Intel(R) Core(TM) i7-1165G7 @ 2.80GHz, 8 cores, 15G,  Windows 11 , 64 bit Build 22621 (10.0.22621.2428)
Time: Sat Nov  4 17:58:51 2023  Windows 11 , 64 bit Build 22621 (10.0.22621.2428) elapsed time: 591.964035 seconds (0d 0h 9m 51s)

---------------  T H R E A D  ---------------

Current thread (0x000001dd6b0228c0):  JavaThread "DefaultDispatcher-worker-4" daemon [_thread_in_vm, id=17972, stack(0x0000005de9700000,0x0000005de9800000)]

Stack: [0x0000005de9700000,0x0000005de9800000],  sp=0x0000005de97fe870,  free space=1018k
Native frames: (J=compiled Java code, j=interpreted, Vv=VM code, C=native code)
V  [jvm.dll+0x3ebfe2]
C  [skiko-windows-x64.dll+0x57d8c]

Java frames: (J=compiled Java code, j=interpreted, Vv=VM code)
J 5183  org.jetbrains.skiko.context.Direct3DContextHandler.flush(JJ)V (0 bytes) @ 0x000001dd5265ece3 [0x000001dd5265eca0+0x0000000000000043]
J 5182 c1 org.jetbrains.skiko.context.Direct3DContextHandler.flush()V (84 bytes) @ 0x000001dd4b35c1dc [0x000001dd4b35ba80+0x000000000000075c]
J 5950 c1 org.jetbrains.skiko.context.ContextHandler.draw()V (91 bytes) @ 0x000001dd4a98cbac [0x000001dd4a98c500+0x00000000000006ac]
J 5652 c1 org.jetbrains.skiko.redrawer.Direct3DRedrawer.drawAndSwap(Z)V (49 bytes) @ 0x000001dd4b4a595c [0x000001dd4b4a5840+0x000000000000011c]
J 5196 c1 org.jetbrains.skiko.redrawer.Direct3DRedrawer$draw$2$1.invokeSuspend(Ljava/lang/Object;)Ljava/lang/Object; (63 bytes) @ 0x000001dd4b364264 [0x000001dd4b363f80+0x00000000000002e4]
J 4036 c2 kotlin.coroutines.jvm.internal.BaseContinuationImpl.resumeWith(Ljava/lang/Object;)V (128 bytes) @ 0x000001dd525a6b00 [0x000001dd525a6aa0+0x0000000000000060]
J 4688 c2 kotlinx.coroutines.DispatchedTask.run()V (571 bytes) @ 0x000001dd5260f0d4 [0x000001dd5260eea0+0x0000000000000234]
J 5641 c1 kotlinx.coroutines.internal.LimitedDispatcher.run()V (170 bytes) @ 0x000001dd4b49816c [0x000001dd4b497ee0+0x000000000000028c]
J 5640 c1 kotlinx.coroutines.scheduling.TaskImpl.run()V (35 bytes) @ 0x000001dd4b4998f4 [0x000001dd4b4997e0+0x0000000000000114]
J 7227 c2 kotlinx.coroutines.scheduling.CoroutineScheduler$Worker.executeTask(Lkotlinx/coroutines/scheduling/Task;)V (39 bytes) @ 0x000001dd5281ec34 [0x000001dd5281eb60+0x00000000000000d4]
j  kotlinx.coroutines.scheduling.CoroutineScheduler$Worker.runWorker()V+44
j  kotlinx.coroutines.scheduling.CoroutineScheduler$Worker.run()V+1
v  ~StubRoutines::call_stub

siginfo: EXCEPTION_ACCESS_VIOLATION (0xc0000005), reading address 0x0000000000000000


Register to memory mapping:

RIP=0x00007ff9810fbfe2 jvm.dll
RAX=0x0 is NULL
RBX=0x000001dd6b0228c0 is a thread
RCX=0x94013dc681950000 is an unknown value
RDX=0x000001dd6c4ee9e8 is a global jni handle
RSP=0x0000005de97fe870 is pointing into the stack for thread: 0x000001dd6b0228c0
RBP=0x0000005de97fe968 is pointing into the stack for thread: 0x000001dd6b0228c0
RSI=0x0 is NULL
RDI=0x000001dd6b022b68 points into unknown readable memory: 0x00007ff981835800 | 00 58 83 81 f9 7f 00 00
R8 =0x0 is NULL
R9 =0x0000005de97fe968 is pointing into the stack for thread: 0x000001dd6b0228c0
R10=0x000001dd6b0228c0 is a thread
R11=0x0000005de97fe868 is pointing into the stack for thread: 0x000001dd6b0228c0
R12=0x0 is NULL
R13=0x0000000704a23930 is an oop: kotlinx.coroutines.scheduling.CoroutineScheduler 
{0x0000000704a23930} - klass: 'kotlinx/coroutines/scheduling/CoroutineScheduler'
 - ---- fields (total size 8 words):
 - public final 'corePoolSize' 'I' @12  8
 - public final 'idleWorkerKeepAliveNs' 'J' @16  60000000000 (f8475800 d)
 - private volatile synthetic 'parkedWorkersStack' 'J' @24  47655682050 (18800002 b)
 - volatile synthetic 'controlState' 'J' @32  21990236749831 (400007 1400)
 - public final 'maxPoolSize' 'I' @40  2097150 (1ffffe)
 - private volatile synthetic '_isTerminated' 'I' @44  0
 - public final 'schedulerName' 'Ljava/lang/String;' @48  "DefaultDispatcher"{0x0000000704a23970} (e094472e)
 - public final 'globalCpuQueue' 'Lkotlinx/coroutines/scheduling/GlobalQueue;' @52  a 'kotlinx/coroutines/scheduling/GlobalQueue'{0x0000000704a26e10} (e0944dc2)
 - public final 'globalBlockingQueue' 'Lkotlinx/coroutines/scheduling/GlobalQueue;' @56  a 'kotlinx/coroutines/scheduling/GlobalQueue'{0x0000000704a26e88} (e0944dd1)
 - public final 'workers' 'Lkotlinx/coroutines/internal/ResizableAtomicArray;' @60  a 'kotlinx/coroutines/internal/ResizableAtomicArray'{0x0000000704a26f00} (e0944de0)
R14=0x0000005de97fe800 is pointing into the stack for thread: 0x000001dd6b0228c0
R15=0x000001dd6b0228c0 is a thread


Registers:
RAX=0x0000000000000000, RBX=0x000001dd6b0228c0, RCX=0x94013dc681950000, RDX=0x000001dd6c4ee9e8
RSP=0x0000005de97fe870, RBP=0x0000005de97fe968, RSI=0x0000000000000000, RDI=0x000001dd6b022b68
R8 =0x0000000000000000, R9 =0x0000005de97fe968, R10=0x000001dd6b0228c0, R11=0x0000005de97fe868
R12=0x0000000000000000, R13=0x0000000704a23930, R14=0x0000005de97fe800, R15=0x000001dd6b0228c0
RIP=0x00007ff9810fbfe2, EFLAGS=0x0000000000010206

Top of Stack: (sp=0x0000005de97fe870)
0x0000005de97fe870:   000001dd6b0228c0 0000000000000000
0x0000005de97fe880:   000001dd6b0228c0 0000000000000081
0x0000005de97fe890:   0000000704a23930 0000000000000000
0x0000005de97fe8a0:   0000005de97fe980 00007ff9811208be
0x0000005de97fe8b0:   0000005de97fe980 000001dd6b0228c0
0x0000005de97fe8c0:   000001dd6b0228c0 000001dd717a91f8
0x0000005de97fe8d0:   000001dd00000454 00007ff981687aa0
0x0000005de97fe8e0:   0000000000000000 0000005de97fe980
0x0000005de97fe8f0:   0000000000000000 00007ff9811000f7
0x0000005de97fe900:   0000005de97fe800 000001dd6b0228c0
0x0000005de97fe910:   0000005de97fe800 00007ff96aa57d8c
0x0000005de97fe920:   000001dd6b022b68 0000005de97feb60
0x0000005de97fe930:   000000000000d58e 000001dd6d6dac54
0x0000005de97fe940:   000001dd6d6dac54 00007ff96aa5824c
0x0000005de97fe950:   000001dd6b022b68 000000000000d58e
0x0000005de97fe960:   0000000000000000 000001dd716ec378 

Instructions: (pc=0x00007ff9810fbfe2)
0x00007ff9810fbee2:   4b 10 48 8b 43 08 48 89 48 10 48 8b 4b 08 48 8b
0x00007ff9810fbef2:   43 18 48 89 41 18 48 8b 4b 08 48 8b 43 20 48 89
0x00007ff9810fbf02:   41 20 48 8d 8f 88 02 00 00 e8 30 38 ee ff 90 c7
0x00007ff9810fbf12:   87 38 03 00 00 04 00 00 00 48 81 c4 b0 00 00 00
0x00007ff9810fbf22:   41 5e 5f 5e 5d 5b c3 cc cc cc cc cc cc cc 48 89
0x00007ff9810fbf32:   5c 24 08 48 89 6c 24 10 48 89 74 24 18 48 89 7c
0x00007ff9810fbf42:   24 20 41 56 48 81 ec a0 00 00 00 8b 81 b8 00 00
0x00007ff9810fbf52:   00 48 8d 99 58 fd ff ff 05 55 21 ff ff 49 8b e9
0x00007ff9810fbf62:   49 8b f0 48 8b f9 83 f8 01 76 0a 48 8b cb e8 4b
0x00007ff9810fbf72:   6b 40 00 33 db c7 83 38 03 00 00 05 00 00 00 e8
0x00007ff9810fbf82:   3a 8d 28 00 90 48 8b 83 40 03 00 00 a8 01 74 0a
0x00007ff9810fbf92:   b2 01 48 8b cb e8 94 95 2f 00 83 bb 2c 03 00 00
0x00007ff9810fbfa2:   00 75 0a 8b 83 28 03 00 00 a8 0c 74 0a 33 d2 48
0x00007ff9810fbfb2:   8b cb e8 c7 93 40 00 c7 83 38 03 00 00 06 00 00
0x00007ff9810fbfc2:   00 48 83 7b 08 00 48 89 5c 24 50 48 c7 44 24 58
0x00007ff9810fbfd2:   00 00 00 00 74 0a 48 8d 4c 24 50 e8 2e 2a 2c 00
0x00007ff9810fbfe2:   48 8b 16 48 8d 4c 24 70 c7 44 24 40 0e 00 00 00
0x00007ff9810fbff2:   e8 c9 6e 00 00 48 8d 44 24 70 48 89 5c 24 30 48
0x00007ff9810fc002:   89 44 24 28 4c 8d 35 1b bb 58 00 45 33 c9 48 89
0x00007ff9810fc012:   74 24 20 45 33 c0 4c 89 74 24 70 48 8d 54 24 40
0x00007ff9810fc022:   48 89 ac 24 98 00 00 00 48 8b cf e8 8e 82 00 00
0x00007ff9810fc032:   48 83 7c 24 58 00 4c 89 74 24 70 48 c7 84 24 98
0x00007ff9810fc042:   00 00 00 00 00 00 00 74 0a 48 8d 4c 24 50 e8 5b
0x00007ff9810fc052:   2a 2c 00 48 8b bb e8 00 00 00 48 8b 4f 10 48 83
0x00007ff9810fc062:   39 00 74 0c 48 8b cf e8 42 57 f6 ff 48 8b 4f 10
0x00007ff9810fc072:   48 8b 47 08 48 89 48 10 48 8b 4f 08 48 8b 47 18
0x00007ff9810fc082:   48 89 41 18 48 8b 4f 08 48 8b 47 20 48 89 41 20
0x00007ff9810fc092:   48 8d 8b 88 02 00 00 e8 a2 36 ee ff 4c 8d 9c 24
0x00007ff9810fc0a2:   a0 00 00 00 90 49 8b 6b 18 49 8b 73 20 49 8b 7b
0x00007ff9810fc0b2:   28 c7 83 38 03 00 00 04 00 00 00 49 8b 5b 10 49
0x00007ff9810fc0c2:   8b e3 41 5e c3 cc cc cc cc cc cc cc cc cc 48 89
0x00007ff9810fc0d2:   5c 24 08 48 89 6c 24 10 48 89 74 24 18 57 48 81 


Stack slot to memory mapping:
stack at sp + 0 slots: 0x000001dd6b0228c0 is a thread
stack at sp + 1 slots: 0x0 is NULL
stack at sp + 2 slots: 0x000001dd6b0228c0 is a thread
stack at sp + 3 slots: 0x0000000000000081 is an unknown value
stack at sp + 4 slots: 0x0000000704a23930 is an oop: kotlinx.coroutines.scheduling.CoroutineScheduler 
{0x0000000704a23930} - klass: 'kotlinx/coroutines/scheduling/CoroutineScheduler'
 - ---- fields (total size 8 words):
 - public final 'corePoolSize' 'I' @12  8
 - public final 'idleWorkerKeepAliveNs' 'J' @16  60000000000 (f8475800 d)
 - private volatile synthetic 'parkedWorkersStack' 'J' @24  47655682050 (18800002 b)
 - volatile synthetic 'controlState' 'J' @32  21990236749831 (400007 1400)
 - public final 'maxPoolSize' 'I' @40  2097150 (1ffffe)
 - private volatile synthetic '_isTerminated' 'I' @44  0
 - public final 'schedulerName' 'Ljava/lang/String;' @48  "DefaultDispatcher"{0x0000000704a23970} (e094472e)
 - public final 'globalCpuQueue' 'Lkotlinx/coroutines/scheduling/GlobalQueue;' @52  a 'kotlinx/coroutines/scheduling/GlobalQueue'{0x0000000704a26e10} (e0944dc2)
 - public final 'globalBlockingQueue' 'Lkotlinx/coroutines/scheduling/GlobalQueue;' @56  a 'kotlinx/coroutines/scheduling/GlobalQueue'{0x0000000704a26e88} (e0944dd1)
 - public final 'workers' 'Lkotlinx/coroutines/internal/ResizableAtomicArray;' @60  a 'kotlinx/coroutines/internal/ResizableAtomicArray'{0x0000000704a26f00} (e0944de0)
stack at sp + 5 slots: 0x0 is NULL
stack at sp + 6 slots: 0x0000005de97fe980 is pointing into the stack for thread: 0x000001dd6b0228c0
stack at sp + 7 slots: 0x00007ff9811208be jvm.dll


---------------  P R O C E S S  ---------------

Threads class SMR info:
_java_thread_list=0x000001dd6bf13c70, length=28, elements={
0x000001dd45989160, 0x000001dd663f8510, 0x000001dd663f90c0, 0x000001dd6642a310,
0x000001dd6642ced0, 0x000001dd6642d880, 0x000001dd6642e230, 0x000001dd6644f170,
0x000001dd6644fa70, 0x000001dd66453870, 0x000001dd66381550, 0x000001dd6b180e60,
0x000001dd6b111c10, 0x000001dd6b462520, 0x000001dd6b664030, 0x000001dd6b664980,
0x000001dd6b6718b0, 0x000001dd6bdec050, 0x000001dd6bc8e130, 0x000001dd6bc8e600,
0x000001dd6b885d60, 0x000001dd6b887570, 0x000001dd6b884080, 0x000001dd6b884550,
0x000001dd6b0228c0, 0x000001dd6b0275c0, 0x000001dd6b023730, 0x000001dd6bcfc9d0
}

Java Threads: ( => current thread )
  0x000001dd45989160 JavaThread "main" [_thread_blocked, id=5616, stack(0x0000005de6b00000,0x0000005de6c00000)]
  0x000001dd663f8510 JavaThread "Reference Handler" daemon [_thread_blocked, id=2236, stack(0x0000005de7200000,0x0000005de7300000)]
  0x000001dd663f90c0 JavaThread "Finalizer" daemon [_thread_blocked, id=6844, stack(0x0000005de7300000,0x0000005de7400000)]
  0x000001dd6642a310 JavaThread "Signal Dispatcher" daemon [_thread_blocked, id=18468, stack(0x0000005de7400000,0x0000005de7500000)]
  0x000001dd6642ced0 JavaThread "Attach Listener" daemon [_thread_blocked, id=14904, stack(0x0000005de7500000,0x0000005de7600000)]
  0x000001dd6642d880 JavaThread "Service Thread" daemon [_thread_blocked, id=1660, stack(0x0000005de7600000,0x0000005de7700000)]
  0x000001dd6642e230 JavaThread "Monitor Deflation Thread" daemon [_thread_blocked, id=19664, stack(0x0000005de7700000,0x0000005de7800000)]
  0x000001dd6644f170 JavaThread "C2 CompilerThread0" daemon [_thread_blocked, id=792, stack(0x0000005de7800000,0x0000005de7900000)]
  0x000001dd6644fa70 JavaThread "C1 CompilerThread0" daemon [_thread_blocked, id=19844, stack(0x0000005de7900000,0x0000005de7a00000)]
  0x000001dd66453870 JavaThread "Sweeper thread" daemon [_thread_blocked, id=1136, stack(0x0000005de7a00000,0x0000005de7b00000)]
  0x000001dd66381550 JavaThread "Common-Cleaner" daemon [_thread_blocked, id=19832, stack(0x0000005de7b00000,0x0000005de7c00000)]
  0x000001dd6b180e60 JavaThread "Monitor Ctrl-Break" daemon [_thread_in_native, id=3656, stack(0x0000005de7d00000,0x0000005de7e00000)]
  0x000001dd6b111c10 JavaThread "Notification Thread" daemon [_thread_blocked, id=16848, stack(0x0000005de7e00000,0x0000005de7f00000)]
  0x000001dd6b462520 JavaThread "Java2D Disposer" daemon [_thread_blocked, id=20416, stack(0x0000005de8000000,0x0000005de8100000)]
  0x000001dd6b664030 JavaThread "AWT-Shutdown" [_thread_blocked, id=8928, stack(0x0000005de8100000,0x0000005de8200000)]
  0x000001dd6b664980 JavaThread "AWT-Windows" daemon [_thread_in_native, id=19656, stack(0x0000005de8200000,0x0000005de8300000)]
  0x000001dd6b6718b0 JavaThread "AWT-EventQueue-0" [_thread_blocked, id=17256, stack(0x0000005de8300000,0x0000005de8400000)]
  0x000001dd6bdec050 JavaThread "DefaultDispatcher-worker-1" daemon [_thread_in_native, id=7368, stack(0x0000005de8a00000,0x0000005de8b00000)]
  0x000001dd6bc8e130 JavaThread "DefaultDispatcher-worker-2" daemon [_thread_blocked, id=19620, stack(0x0000005de8b00000,0x0000005de8c00000)]
  0x000001dd6bc8e600 JavaThread "DefaultDispatcher-worker-3" daemon [_thread_blocked, id=17112, stack(0x0000005de8c00000,0x0000005de8d00000)]
  0x000001dd6b885d60 JavaThread "kotlinx.coroutines.DefaultExecutor" daemon [_thread_blocked, id=5352, stack(0x0000005de8d00000,0x0000005de8e00000)]
  0x000001dd6b887570 JavaThread "Reference Cleaner" daemon [_thread_blocked, id=1668, stack(0x0000005de8e00000,0x0000005de8f00000)]
  0x000001dd6b884080 JavaThread "TimerQueue" daemon [_thread_blocked, id=17480, stack(0x0000005de7c00000,0x0000005de7d00000)]
  0x000001dd6b884550 JavaThread "JNA Cleaner" daemon [_thread_blocked, id=2844, stack(0x0000005de9600000,0x0000005de9700000)]
=>0x000001dd6b0228c0 JavaThread "DefaultDispatcher-worker-4" daemon [_thread_in_vm, id=17972, stack(0x0000005de9700000,0x0000005de9800000)]
  0x000001dd6b0275c0 JavaThread "DefaultDispatcher-worker-5" daemon [_thread_blocked, id=20256, stack(0x0000005de9800000,0x0000005de9900000)]
  0x000001dd6b023730 JavaThread "DefaultDispatcher-worker-6" daemon [_thread_in_native, id=18392, stack(0x0000005de9900000,0x0000005de9a00000)]
  0x000001dd6bcfc9d0 JavaThread "DefaultDispatcher-worker-7" daemon [_thread_blocked, id=3440, stack(0x0000005de6800000,0x0000005de6900000)]

Other Threads:
  0x000001dd6639c0d0 VMThread "VM Thread" [stack: 0x0000005de7100000,0x0000005de7200000] [id=13476]
  0x000001dd458c72c0 WatcherThread [stack: 0x0000005de7f00000,0x0000005de8000000] [id=16964]
  0x000001dd459f4310 GCTaskThread "GC Thread#0" [stack: 0x0000005de6c00000,0x0000005de6d00000] [id=15720]
  0x000001dd6bdaf180 GCTaskThread "GC Thread#1" [stack: 0x0000005de8500000,0x0000005de8600000] [id=17872]
  0x000001dd6bdaf430 GCTaskThread "GC Thread#2" [stack: 0x0000005de8600000,0x0000005de8700000] [id=18668]
  0x000001dd6bdaf6e0 GCTaskThread "GC Thread#3" [stack: 0x0000005de8700000,0x0000005de8800000] [id=6084]
  0x000001dd6bdaf990 GCTaskThread "GC Thread#4" [stack: 0x0000005de8800000,0x0000005de8900000] [id=10128]
  0x000001dd6bdb0050 GCTaskThread "GC Thread#5" [stack: 0x0000005de8900000,0x0000005de8a00000] [id=14940]
  0x000001dd6c6a3f30 GCTaskThread "GC Thread#6" [stack: 0x0000005de8400000,0x0000005de8500000] [id=1720]
  0x000001dd6c6a3c80 GCTaskThread "GC Thread#7" [stack: 0x0000005de9400000,0x0000005de9500000] [id=20000]
  0x000001dd458c9fb0 ConcurrentGCThread "G1 Main Marker" [stack: 0x0000005de6d00000,0x0000005de6e00000] [id=16872]
  0x000001dd458ca7d0 ConcurrentGCThread "G1 Conc#0" [stack: 0x0000005de6e00000,0x0000005de6f00000] [id=13828]
  0x000001dd6c6a41e0 ConcurrentGCThread "G1 Conc#1" [stack: 0x0000005de9500000,0x0000005de9600000] [id=18500]
  0x000001dd45a3ebf0 ConcurrentGCThread "G1 Refine#0" [stack: 0x0000005de6f00000,0x0000005de7000000] [id=10476]
  0x000001dd6624c780 ConcurrentGCThread "G1 Service" [stack: 0x0000005de7000000,0x0000005de7100000] [id=13064]

Threads with active compile tasks:

VM state: not at safepoint (normal execution)

VM Mutex/Monitor currently owned by a thread: None

Heap address: 0x0000000704a00000, size: 4022 MB, Compressed Oops mode: Zero based, Oop shift amount: 3

CDS archive(s) not mapped
Compressed class space mapped at: 0x0000000800000000-0x0000000840000000, reserved size: 1073741824
Narrow klass base: 0x0000000800000000, Narrow klass shift: 0, Narrow klass range: 0x40000000

GC Precious Log:
 CPUs: 8 total, 8 available
 Memory: 16082M
 Large Page Support: Disabled
 NUMA Support: Disabled
 Compressed Oops: Enabled (Zero based)
 Heap Region Size: 2M
 Heap Min Capacity: 8M
 Heap Initial Capacity: 252M
 Heap Max Capacity: 4022M
 Pre-touch: Disabled
 Parallel Workers: 8
 Concurrent Workers: 2
 Concurrent Refinement Workers: 8
 Periodic GC: Disabled

Heap:
 garbage-first heap   total 153600K, used 87992K [0x0000000704a00000, 0x0000000800000000)
  region size 2048K, 37 young (75776K), 1 survivors (2048K)
 Metaspace       used 37742K, committed 38080K, reserved 1114112K
  class space    used 3745K, committed 3904K, reserved 1048576K

Heap Regions: E=young(eden), S=young(survivor), O=old, HS=humongous(starts), HC=humongous(continues), CS=collection set, F=free, OA=open archive, CA=closed archive, TAMS=top-at-mark-start (previous, next)
|   0|0x0000000704a00000, 0x0000000704c00000, 0x0000000704c00000|100%| O|  |TAMS 0x0000000704c00000, 0x0000000704a00000| Untracked 
|   1|0x0000000704c00000, 0x0000000704e00000, 0x0000000704e00000|100%|HS|  |TAMS 0x0000000704e00000, 0x0000000704c00000| Untracked 
|   2|0x0000000704e00000, 0x0000000705000000, 0x0000000705000000|100%| O|  |TAMS 0x0000000705000000, 0x0000000704e00000| Untracked 
|   3|0x0000000705000000, 0x00000007051ca3c0, 0x0000000705200000| 89%| O|  |TAMS 0x0000000705000000, 0x0000000705000000| Untracked 
|   4|0x0000000705200000, 0x000000070532d3a0, 0x0000000705400000| 58%| O|  |TAMS 0x0000000705200000, 0x0000000705200000| Untracked 
|   5|0x0000000705400000, 0x00000007055a2408, 0x0000000705600000| 81%| O|  |TAMS 0x0000000705400000, 0x0000000705400000| Untracked 
|   6|0x0000000705600000, 0x0000000705800000, 0x0000000705800000|100%| O|  |TAMS 0x0000000705600000, 0x0000000705600000| Untracked 
|   7|0x0000000705800000, 0x0000000705919e00, 0x0000000705a00000| 55%| O|  |TAMS 0x0000000705800000, 0x0000000705800000| Untracked 
|   8|0x0000000705a00000, 0x0000000705c00000, 0x0000000705c00000|100%|HS|  |TAMS 0x0000000705a00000, 0x0000000705a00000| Complete 
|   9|0x0000000705c00000, 0x0000000705c00000, 0x0000000705e00000|  0%| F|  |TAMS 0x0000000705c00000, 0x0000000705c00000| Untracked 
|  10|0x0000000705e00000, 0x0000000705e00000, 0x0000000706000000|  0%| F|  |TAMS 0x0000000705e00000, 0x0000000705e00000| Untracked 
|  11|0x0000000706000000, 0x0000000706000000, 0x0000000706200000|  0%| F|  |TAMS 0x0000000706000000, 0x0000000706000000| Untracked 
|  12|0x0000000706200000, 0x0000000706200000, 0x0000000706400000|  0%| F|  |TAMS 0x0000000706200000, 0x0000000706200000| Untracked 
|  13|0x0000000706400000, 0x0000000706400000, 0x0000000706600000|  0%| F|  |TAMS 0x0000000706400000, 0x0000000706400000| Untracked 
|  14|0x0000000706600000, 0x0000000706600000, 0x0000000706800000|  0%| F|  |TAMS 0x0000000706600000, 0x0000000706600000| Untracked 
|  15|0x0000000706800000, 0x0000000706800000, 0x0000000706a00000|  0%| F|  |TAMS 0x0000000706800000, 0x0000000706800000| Untracked 
|  16|0x0000000706a00000, 0x0000000706a00000, 0x0000000706c00000|  0%| F|  |TAMS 0x0000000706a00000, 0x0000000706a00000| Untracked 
|  17|0x0000000706c00000, 0x0000000706c00000, 0x0000000706e00000|  0%| F|  |TAMS 0x0000000706c00000, 0x0000000706c00000| Untracked 
|  18|0x0000000706e00000, 0x0000000706e00000, 0x0000000707000000|  0%| F|  |TAMS 0x0000000706e00000, 0x0000000706e00000| Untracked 
|  19|0x0000000707000000, 0x0000000707000000, 0x0000000707200000|  0%| F|  |TAMS 0x0000000707000000, 0x0000000707000000| Untracked 
|  20|0x0000000707200000, 0x0000000707200000, 0x0000000707400000|  0%| F|  |TAMS 0x0000000707200000, 0x0000000707200000| Untracked 
|  21|0x0000000707400000, 0x0000000707400000, 0x0000000707600000|  0%| F|  |TAMS 0x0000000707400000, 0x0000000707400000| Untracked 
|  22|0x0000000707600000, 0x0000000707600000, 0x0000000707800000|  0%| F|  |TAMS 0x0000000707600000, 0x0000000707600000| Untracked 
|  23|0x0000000707800000, 0x0000000707800000, 0x0000000707a00000|  0%| F|  |TAMS 0x0000000707800000, 0x0000000707800000| Untracked 
|  24|0x0000000707a00000, 0x0000000707a00000, 0x0000000707c00000|  0%| F|  |TAMS 0x0000000707a00000, 0x0000000707a00000| Untracked 
|  25|0x0000000707c00000, 0x0000000707c00000, 0x0000000707e00000|  0%| F|  |TAMS 0x0000000707c00000, 0x0000000707c00000| Untracked 
|  26|0x0000000707e00000, 0x0000000707e00000, 0x0000000708000000|  0%| F|  |TAMS 0x0000000707e00000, 0x0000000707e00000| Untracked 
|  27|0x0000000708000000, 0x0000000708000000, 0x0000000708200000|  0%| F|  |TAMS 0x0000000708000000, 0x0000000708000000| Untracked 
|  28|0x0000000708200000, 0x0000000708200000, 0x0000000708400000|  0%| F|  |TAMS 0x0000000708200000, 0x0000000708200000| Untracked 
|  29|0x0000000708400000, 0x000000070842e068, 0x0000000708600000|  8%| S|CS|TAMS 0x0000000708400000, 0x0000000708400000| Complete 
|  30|0x0000000708600000, 0x0000000708600000, 0x0000000708800000|  0%| F|  |TAMS 0x0000000708600000, 0x0000000708600000| Untracked 
|  31|0x0000000708800000, 0x0000000708800000, 0x0000000708a00000|  0%| F|  |TAMS 0x0000000708800000, 0x0000000708800000| Untracked 
|  32|0x0000000708a00000, 0x0000000708a00000, 0x0000000708c00000|  0%| F|  |TAMS 0x0000000708a00000, 0x0000000708a00000| Untracked 
|  33|0x0000000708c00000, 0x0000000708c00000, 0x0000000708e00000|  0%| F|  |TAMS 0x0000000708c00000, 0x0000000708c00000| Untracked 
|  34|0x0000000708e00000, 0x0000000708e00000, 0x0000000709000000|  0%| F|  |TAMS 0x0000000708e00000, 0x0000000708e00000| Untracked 
|  35|0x0000000709000000, 0x0000000709000000, 0x0000000709200000|  0%| F|  |TAMS 0x0000000709000000, 0x0000000709000000| Untracked 
|  36|0x0000000709200000, 0x0000000709200000, 0x0000000709400000|  0%| F|  |TAMS 0x0000000709200000, 0x0000000709200000| Untracked 
|  37|0x0000000709400000, 0x0000000709400000, 0x0000000709600000|  0%| F|  |TAMS 0x0000000709400000, 0x0000000709400000| Untracked 
|  38|0x0000000709600000, 0x0000000709694d28, 0x0000000709800000| 29%| E|  |TAMS 0x0000000709600000, 0x0000000709600000| Complete 
|  39|0x0000000709800000, 0x0000000709a00000, 0x0000000709a00000|100%| E|CS|TAMS 0x0000000709800000, 0x0000000709800000| Complete 
|  40|0x0000000709a00000, 0x0000000709c00000, 0x0000000709c00000|100%| E|CS|TAMS 0x0000000709a00000, 0x0000000709a00000| Complete 
|  41|0x0000000709c00000, 0x0000000709e00000, 0x0000000709e00000|100%| E|CS|TAMS 0x0000000709c00000, 0x0000000709c00000| Complete 
|  42|0x0000000709e00000, 0x000000070a000000, 0x000000070a000000|100%| E|CS|TAMS 0x0000000709e00000, 0x0000000709e00000| Complete 
|  43|0x000000070a000000, 0x000000070a200000, 0x000000070a200000|100%| E|CS|TAMS 0x000000070a000000, 0x000000070a000000| Complete 
|  44|0x000000070a200000, 0x000000070a400000, 0x000000070a400000|100%| E|CS|TAMS 0x000000070a200000, 0x000000070a200000| Complete 
|  45|0x000000070a400000, 0x000000070a600000, 0x000000070a600000|100%| E|CS|TAMS 0x000000070a400000, 0x000000070a400000| Complete 
|  46|0x000000070a600000, 0x000000070a800000, 0x000000070a800000|100%| E|CS|TAMS 0x000000070a600000, 0x000000070a600000| Complete 
|  47|0x000000070a800000, 0x000000070aa00000, 0x000000070aa00000|100%| E|CS|TAMS 0x000000070a800000, 0x000000070a800000| Complete 
|  48|0x000000070aa00000, 0x000000070ac00000, 0x000000070ac00000|100%| E|CS|TAMS 0x000000070aa00000, 0x000000070aa00000| Complete 
|  49|0x000000070ac00000, 0x000000070ae00000, 0x000000070ae00000|100%| E|CS|TAMS 0x000000070ac00000, 0x000000070ac00000| Complete 
|  50|0x000000070ae00000, 0x000000070ae0c968, 0x000000070b000000|  2%| O|  |TAMS 0x000000070ae00000, 0x000000070ae00000| Untracked 
|  51|0x000000070b000000, 0x000000070b200000, 0x000000070b200000|100%| E|CS|TAMS 0x000000070b000000, 0x000000070b000000| Complete 
|  52|0x000000070b200000, 0x000000070b400000, 0x000000070b400000|100%| E|CS|TAMS 0x000000070b200000, 0x000000070b200000| Complete 
|  53|0x000000070b400000, 0x000000070b600000, 0x000000070b600000|100%| E|CS|TAMS 0x000000070b400000, 0x000000070b400000| Complete 
|  54|0x000000070b600000, 0x000000070b800000, 0x000000070b800000|100%| E|CS|TAMS 0x000000070b600000, 0x000000070b600000| Complete 
|  55|0x000000070b800000, 0x000000070ba00000, 0x000000070ba00000|100%| E|CS|TAMS 0x000000070b800000, 0x000000070b800000| Complete 
|  56|0x000000070ba00000, 0x000000070bc00000, 0x000000070bc00000|100%| E|CS|TAMS 0x000000070ba00000, 0x000000070ba00000| Complete 
|  57|0x000000070bc00000, 0x000000070be00000, 0x000000070be00000|100%| E|CS|TAMS 0x000000070bc00000, 0x000000070bc00000| Complete 
|  58|0x000000070be00000, 0x000000070c000000, 0x000000070c000000|100%| E|CS|TAMS 0x000000070be00000, 0x000000070be00000| Complete 
|  59|0x000000070c000000, 0x000000070c200000, 0x000000070c200000|100%| E|CS|TAMS 0x000000070c000000, 0x000000070c000000| Complete 
|  60|0x000000070c200000, 0x000000070c400000, 0x000000070c400000|100%| E|CS|TAMS 0x000000070c200000, 0x000000070c200000| Complete 
|  61|0x000000070c400000, 0x000000070c600000, 0x000000070c600000|100%| E|CS|TAMS 0x000000070c400000, 0x000000070c400000| Complete 
|  62|0x000000070c600000, 0x000000070c800000, 0x000000070c800000|100%| E|CS|TAMS 0x000000070c600000, 0x000000070c600000| Complete 
|  63|0x000000070c800000, 0x000000070ca00000, 0x000000070ca00000|100%| E|CS|TAMS 0x000000070c800000, 0x000000070c800000| Complete 
|  64|0x000000070ca00000, 0x000000070cc00000, 0x000000070cc00000|100%| E|CS|TAMS 0x000000070ca00000, 0x000000070ca00000| Complete 
|  65|0x000000070cc00000, 0x000000070ce00000, 0x000000070ce00000|100%| E|CS|TAMS 0x000000070cc00000, 0x000000070cc00000| Complete 
|  66|0x000000070ce00000, 0x000000070d000000, 0x000000070d000000|100%| E|CS|TAMS 0x000000070ce00000, 0x000000070ce00000| Complete 
|  67|0x000000070d000000, 0x000000070d200000, 0x000000070d200000|100%| E|CS|TAMS 0x000000070d000000, 0x000000070d000000| Complete 
|  68|0x000000070d200000, 0x000000070d400000, 0x000000070d400000|100%| E|CS|TAMS 0x000000070d200000, 0x000000070d200000| Complete 
|  69|0x000000070d400000, 0x000000070d600000, 0x000000070d600000|100%| E|CS|TAMS 0x000000070d400000, 0x000000070d400000| Complete 
|  70|0x000000070d600000, 0x000000070d800000, 0x000000070d800000|100%| E|CS|TAMS 0x000000070d600000, 0x000000070d600000| Complete 
|  71|0x000000070d800000, 0x000000070da00000, 0x000000070da00000|100%| E|CS|TAMS 0x000000070d800000, 0x000000070d800000| Complete 
|  72|0x000000070da00000, 0x000000070dc00000, 0x000000070dc00000|100%| E|CS|TAMS 0x000000070da00000, 0x000000070da00000| Complete 
|  73|0x000000070dc00000, 0x000000070de00000, 0x000000070de00000|100%| E|CS|TAMS 0x000000070dc00000, 0x000000070dc00000| Complete 
|  74|0x000000070de00000, 0x000000070e000000, 0x000000070e000000|100%| E|CS|TAMS 0x000000070de00000, 0x000000070de00000| Complete 

Card table byte_map: [0x000001dd5ab20000,0x000001dd5b300000] _byte_map_base: 0x000001dd572fb000

Marking Bits (Prev, Next): (CMBitMap*) 0x000001dd459f4960, (CMBitMap*) 0x000001dd459f4920
 Prev Bits: [0x000001dd5f9c0000, 0x000001dd63898000)
 Next Bits: [0x000001dd5bae0000, 0x000001dd5f9b8000)

Polling page: 0x000001dd45a40000

Metaspace:

Usage:
  Non-class:     33.20 MB used.
      Class:      3.66 MB used.
       Both:     36.86 MB used.

Virtual space:
  Non-class space:       64.00 MB reserved,      33.38 MB ( 52%) committed,  1 nodes.
      Class space:        1.00 GB reserved,       3.81 MB ( <1%) committed,  1 nodes.
             Both:        1.06 GB reserved,      37.19 MB (  3%) committed. 

Chunk freelists:
   Non-Class:  14.54 MB
       Class:  12.05 MB
        Both:  26.59 MB

MaxMetaspaceSize: unlimited
CompressedClassSpaceSize: 1.00 GB
Initial GC threshold: 21.00 MB
Current GC threshold: 61.81 MB
CDS: off
MetaspaceReclaimPolicy: balanced
 - commit_granule_bytes: 65536.
 - commit_granule_words: 8192.
 - virtual_space_node_default_size: 8388608.
 - enlarge_chunks_in_place: 1.
 - new_chunks_are_fully_committed: 0.
 - uncommit_free_chunks: 1.
 - use_allocation_guard: 0.
 - handle_deallocations: 1.


Internal statistics:

num_allocs_failed_limit: 6.
num_arena_births: 296.
num_arena_deaths: 0.
num_vsnodes_births: 2.
num_vsnodes_deaths: 0.
num_space_committed: 594.
num_space_uncommitted: 0.
num_chunks_returned_to_freelist: 6.
num_chunks_taken_from_freelist: 1035.
num_chunk_merges: 3.
num_chunk_splits: 817.
num_chunks_enlarged: 688.
num_inconsistent_stats: 0.

CodeHeap 'non-profiled nmethods': size=120000Kb used=5379Kb max_used=5517Kb free=114620Kb
 bounds [0x000001dd523b0000, 0x000001dd52920000, 0x000001dd598e0000]
CodeHeap 'profiled nmethods': size=120000Kb used=11646Kb max_used=14438Kb free=108353Kb
 bounds [0x000001dd4a8e0000, 0x000001dd4b700000, 0x000001dd51e10000]
CodeHeap 'non-nmethods': size=5760Kb used=1734Kb max_used=1795Kb free=4026Kb
 bounds [0x000001dd51e10000, 0x000001dd52080000, 0x000001dd523b0000]
 total_blobs=7206 nmethods=6040 adapters=1078
 compilation: enabled
              stopped_count=0, restarted_count=0
 full_count=0

Compilation events (20 events):
Event: 585.211 Thread 0x000001dd6644fa70 7479       3       androidx.compose.ui.ComposeScene::invalidateIfNeeded (85 bytes)
Event: 585.212 Thread 0x000001dd6644fa70 nmethod 7479 0x000001dd4b6fa090 code [0x000001dd4b6fa260, 0x000001dd4b6fa708]
Event: 585.552 Thread 0x000001dd6644f170 7480       4       java.io.FileCleanable::register (49 bytes)
Event: 585.558 Thread 0x000001dd6644f170 nmethod 7480 0x000001dd5290dd10 code [0x000001dd5290dea0, 0x000001dd5290e268]
Event: 585.755 Thread 0x000001dd6644f170 7481       4       java.util.concurrent.locks.ReentrantLock::newCondition (8 bytes)
Event: 585.756 Thread 0x000001dd6644f170 nmethod 7481 0x000001dd5290e490 code [0x000001dd5290e620, 0x000001dd5290e718]
Event: 586.083 Thread 0x000001dd6644f170 7482       4       androidx.compose.ui.platform.AccessibilityControllerImpl::syncLoop (163 bytes)
Event: 586.090 Thread 0x000001dd6644f170 nmethod 7482 0x000001dd5290e810 code [0x000001dd5290e9c0, 0x000001dd5290ed08]
Event: 586.191 Thread 0x000001dd6644f170 7483       4       java.util.PriorityQueue::poll (81 bytes)
Event: 586.194 Thread 0x000001dd6644f170 nmethod 7483 0x000001dd5290ef90 code [0x000001dd5290f120, 0x000001dd5290f2b8]
Event: 586.194 Thread 0x000001dd6644f170 7484   !   4       androidx.compose.ui.platform.FlushCoroutineDispatcher::scheduleResumeAfterDelay (98 bytes)
Event: 586.202 Thread 0x000001dd6644f170 nmethod 7484 0x000001dd5290f410 code [0x000001dd5290f600, 0x000001dd5290fc80]
Event: 586.206 Thread 0x000001dd6644f170 7485   !   4       java.util.concurrent.DelayQueue::take (214 bytes)
Event: 586.253 Thread 0x000001dd6644f170 nmethod 7485 0x000001dd52910110 code [0x000001dd529103a0, 0x000001dd52911b50]
Event: 586.300 Thread 0x000001dd6644f170 7486       4       javax.swing.Timer::post (36 bytes)
Event: 586.303 Thread 0x000001dd6644f170 nmethod 7486 0x000001dd52912d10 code [0x000001dd52912ea0, 0x000001dd52912ff8]
Event: 591.397 Thread 0x000001dd6644fa70 7487       3       java.lang.invoke.MemberName::isField (8 bytes)
Event: 591.397 Thread 0x000001dd6644fa70 nmethod 7487 0x000001dd4ac64a10 code [0x000001dd4ac64bc0, 0x000001dd4ac64df8]
Event: 591.405 Thread 0x000001dd6644fa70 7489       3       java.awt.EventQueue::postEvent (182 bytes)
Event: 591.406 Thread 0x000001dd6644fa70 nmethod 7489 0x000001dd4ac80690 code [0x000001dd4ac809e0, 0x000001dd4ac81ed8]

GC Heap History (20 events):
Event: 577.072 GC heap before
{Heap before GC invocations=246 (full 1):
 garbage-first heap   total 153600K, used 104340K [0x0000000704a00000, 0x0000000800000000)
  region size 2048K, 45 young (92160K), 1 survivors (2048K)
 Metaspace       used 37709K, committed 38080K, reserved 1114112K
  class space    used 3739K, committed 3904K, reserved 1048576K
}
Event: 577.075 GC heap after
{Heap after GC invocations=247 (full 1):
 garbage-first heap   total 153600K, used 14231K [0x0000000704a00000, 0x0000000800000000)
  region size 2048K, 1 young (2048K), 1 survivors (2048K)
 Metaspace       used 37709K, committed 38080K, reserved 1114112K
  class space    used 3739K, committed 3904K, reserved 1048576K
}
Event: 579.735 GC heap before
{Heap before GC invocations=247 (full 1):
 garbage-first heap   total 153600K, used 104343K [0x0000000704a00000, 0x0000000800000000)
  region size 2048K, 45 young (92160K), 1 survivors (2048K)
 Metaspace       used 37709K, committed 38080K, reserved 1114112K
  class space    used 3739K, committed 3904K, reserved 1048576K
}
Event: 579.737 GC heap after
{Heap after GC invocations=248 (full 1):
 garbage-first heap   total 153600K, used 14208K [0x0000000704a00000, 0x0000000800000000)
  region size 2048K, 1 young (2048K), 1 survivors (2048K)
 Metaspace       used 37709K, committed 38080K, reserved 1114112K
  class space    used 3739K, committed 3904K, reserved 1048576K
}
Event: 582.338 GC heap before
{Heap before GC invocations=248 (full 1):
 garbage-first heap   total 153600K, used 104320K [0x0000000704a00000, 0x0000000800000000)
  region size 2048K, 45 young (92160K), 1 survivors (2048K)
 Metaspace       used 37709K, committed 38080K, reserved 1114112K
  class space    used 3739K, committed 3904K, reserved 1048576K
}
Event: 582.341 GC heap after
{Heap after GC invocations=249 (full 1):
 garbage-first heap   total 153600K, used 14208K [0x0000000704a00000, 0x0000000800000000)
  region size 2048K, 1 young (2048K), 1 survivors (2048K)
 Metaspace       used 37709K, committed 38080K, reserved 1114112K
  class space    used 3739K, committed 3904K, reserved 1048576K
}
Event: 586.119 GC heap before
{Heap before GC invocations=249 (full 1):
 garbage-first heap   total 153600K, used 102272K [0x0000000704a00000, 0x0000000800000000)
  region size 2048K, 45 young (92160K), 1 survivors (2048K)
 Metaspace       used 37709K, committed 38080K, reserved 1114112K
  class space    used 3739K, committed 3904K, reserved 1048576K
}
Event: 586.122 GC heap after
{Heap after GC invocations=250 (full 1):
 garbage-first heap   total 153600K, used 14231K [0x0000000704a00000, 0x0000000800000000)
  region size 2048K, 1 young (2048K), 1 survivors (2048K)
 Metaspace       used 37709K, committed 38080K, reserved 1114112K
  class space    used 3739K, committed 3904K, reserved 1048576K
}
Event: 586.772 GC heap before
{Heap before GC invocations=250 (full 1):
 garbage-first heap   total 153600K, used 104343K [0x0000000704a00000, 0x0000000800000000)
  region size 2048K, 45 young (92160K), 1 survivors (2048K)
 Metaspace       used 37709K, committed 38080K, reserved 1114112K
  class space    used 3739K, committed 3904K, reserved 1048576K
}
Event: 586.775 GC heap after
{Heap after GC invocations=251 (full 1):
 garbage-first heap   total 153600K, used 14250K [0x0000000704a00000, 0x0000000800000000)
  region size 2048K, 1 young (2048K), 1 survivors (2048K)
 Metaspace       used 37709K, committed 38080K, reserved 1114112K
  class space    used 3739K, committed 3904K, reserved 1048576K
}
Event: 587.436 GC heap before
{Heap before GC invocations=251 (full 1):
 garbage-first heap   total 153600K, used 104362K [0x0000000704a00000, 0x0000000800000000)
  region size 2048K, 45 young (92160K), 1 survivors (2048K)
 Metaspace       used 37709K, committed 38080K, reserved 1114112K
  class space    used 3739K, committed 3904K, reserved 1048576K
}
Event: 587.438 GC heap after
{Heap after GC invocations=252 (full 1):
 garbage-first heap   total 153600K, used 14248K [0x0000000704a00000, 0x0000000800000000)
  region size 2048K, 1 young (2048K), 1 survivors (2048K)
 Metaspace       used 37709K, committed 38080K, reserved 1114112K
  class space    used 3739K, committed 3904K, reserved 1048576K
}
Event: 588.100 GC heap before
{Heap before GC invocations=252 (full 1):
 garbage-first heap   total 153600K, used 104360K [0x0000000704a00000, 0x0000000800000000)
  region size 2048K, 45 young (92160K), 1 survivors (2048K)
 Metaspace       used 37709K, committed 38080K, reserved 1114112K
  class space    used 3739K, committed 3904K, reserved 1048576K
}
Event: 588.101 GC heap after
{Heap after GC invocations=253 (full 1):
 garbage-first heap   total 153600K, used 14261K [0x0000000704a00000, 0x0000000800000000)
  region size 2048K, 1 young (2048K), 1 survivors (2048K)
 Metaspace       used 37709K, committed 38080K, reserved 1114112K
  class space    used 3739K, committed 3904K, reserved 1048576K
}
Event: 589.018 GC heap before
{Heap before GC invocations=253 (full 1):
 garbage-first heap   total 153600K, used 104373K [0x0000000704a00000, 0x0000000800000000)
  region size 2048K, 45 young (92160K), 1 survivors (2048K)
 Metaspace       used 37709K, committed 38080K, reserved 1114112K
  class space    used 3739K, committed 3904K, reserved 1048576K
}
Event: 589.019 GC heap after
{Heap after GC invocations=254 (full 1):
 garbage-first heap   total 153600K, used 14271K [0x0000000704a00000, 0x0000000800000000)
  region size 2048K, 1 young (2048K), 1 survivors (2048K)
 Metaspace       used 37709K, committed 38080K, reserved 1114112K
  class space    used 3739K, committed 3904K, reserved 1048576K
}
Event: 589.672 GC heap before
{Heap before GC invocations=254 (full 1):
 garbage-first heap   total 153600K, used 104383K [0x0000000704a00000, 0x0000000800000000)
  region size 2048K, 45 young (92160K), 1 survivors (2048K)
 Metaspace       used 37709K, committed 38080K, reserved 1114112K
  class space    used 3739K, committed 3904K, reserved 1048576K
}
Event: 589.674 GC heap after
{Heap after GC invocations=255 (full 1):
 garbage-first heap   total 153600K, used 14277K [0x0000000704a00000, 0x0000000800000000)
  region size 2048K, 1 young (2048K), 1 survivors (2048K)
 Metaspace       used 37709K, committed 38080K, reserved 1114112K
  class space    used 3739K, committed 3904K, reserved 1048576K
}
Event: 590.334 GC heap before
{Heap before GC invocations=255 (full 1):
 garbage-first heap   total 153600K, used 104389K [0x0000000704a00000, 0x0000000800000000)
  region size 2048K, 45 young (92160K), 1 survivors (2048K)
 Metaspace       used 37709K, committed 38080K, reserved 1114112K
  class space    used 3739K, committed 3904K, reserved 1048576K
}
Event: 590.336 GC heap after
{Heap after GC invocations=256 (full 1):
 garbage-first heap   total 153600K, used 14264K [0x0000000704a00000, 0x0000000800000000)
  region size 2048K, 1 young (2048K), 1 survivors (2048K)
 Metaspace       used 37709K, committed 38080K, reserved 1114112K
  class space    used 3739K, committed 3904K, reserved 1048576K
}

Dll operation events (2 events):
Event: 0.008 Loaded shared library C:\Program Files\JetBrains\IntelliJ IDEA Community Edition 2023.1.4\jbr\bin\java.dll
Event: 0.147 Loaded shared library C:\Program Files\JetBrains\IntelliJ IDEA Community Edition 2023.1.4\jbr\bin\zip.dll

Deoptimization events (20 events):
Event: 591.406 Thread 0x000001dd6b6718b0 Uncommon trap: trap_request=0xffffffcc fr.pc=0x000001dd52665414 relative=0x00000000000001f4
Event: 591.406 Thread 0x000001dd6b6718b0 Uncommon trap: reason=intrinsic_or_type_checked_inlining action=make_not_entrant pc=0x000001dd52665414 method=java.util.Arrays.copyOf([Ljava/lang/Object;ILjava/lang/Class;)[Ljava/lang/Object; @ 35 c2
Event: 591.406 Thread 0x000001dd6b6718b0 DEOPT PACKING pc=0x000001dd52665414 sp=0x0000005de83feb40
Event: 591.406 Thread 0x000001dd6b6718b0 DEOPT UNPACKING pc=0x000001dd51e6a1a3 sp=0x0000005de83feae8 mode 2
Event: 591.419 Thread 0x000001dd6b884080 Uncommon trap: trap_request=0xffffff45 fr.pc=0x000001dd5269fec8 relative=0x0000000000001f88
Event: 591.419 Thread 0x000001dd6b884080 Uncommon trap: reason=unstable_if action=reinterpret pc=0x000001dd5269fec8 method=java.awt.EventQueue.getPriority(Ljava/awt/AWTEvent;)I @ 71 c2
Event: 591.419 Thread 0x000001dd6b884080 DEOPT PACKING pc=0x000001dd5269fec8 sp=0x0000005de7cff300
Event: 591.419 Thread 0x000001dd6b884080 DEOPT UNPACKING pc=0x000001dd51e6a1a3 sp=0x0000005de7cff050 mode 2
Event: 591.945 Thread 0x000001dd6b6718b0 Uncommon trap: trap_request=0xffffffbe fr.pc=0x000001dd527a2cb8 relative=0x00000000000087f8
Event: 591.946 Thread 0x000001dd6b6718b0 Uncommon trap: reason=profile_predicate action=maybe_recompile pc=0x000001dd527a2cb8 method=androidx.compose.runtime.BroadcastFrameClock.sendFrame(J)V @ 54 c2
Event: 591.946 Thread 0x000001dd6b6718b0 DEOPT PACKING pc=0x000001dd527a2cb8 sp=0x0000005de83fe760
Event: 591.946 Thread 0x000001dd6b6718b0 DEOPT UNPACKING pc=0x000001dd51e6a1a3 sp=0x0000005de83fe678 mode 2
Event: 591.946 Thread 0x000001dd6b6718b0 Uncommon trap: trap_request=0xffffff45 fr.pc=0x000001dd52693760 relative=0x00000000000044e0
Event: 591.946 Thread 0x000001dd6b6718b0 Uncommon trap: reason=unstable_if action=reinterpret pc=0x000001dd52693760 method=java.awt.EventQueue.eventToCacheIndex(Ljava/awt/AWTEvent;)I @ 4 c2
Event: 591.946 Thread 0x000001dd6b6718b0 DEOPT PACKING pc=0x000001dd52693760 sp=0x0000005de83ff330
Event: 591.946 Thread 0x000001dd6b6718b0 DEOPT UNPACKING pc=0x000001dd51e6a1a3 sp=0x0000005de83ff1a8 mode 2
Event: 591.946 Thread 0x000001dd6b6718b0 Uncommon trap: trap_request=0xffffff45 fr.pc=0x000001dd52668404 relative=0x0000000000000364
Event: 591.946 Thread 0x000001dd6b6718b0 Uncommon trap: reason=unstable_if action=reinterpret pc=0x000001dd52668404 method=java.awt.EventQueue.eventToCacheIndex(Ljava/awt/AWTEvent;)I @ 4 c2
Event: 591.946 Thread 0x000001dd6b6718b0 DEOPT PACKING pc=0x000001dd52668404 sp=0x0000005de83ff2e0
Event: 591.946 Thread 0x000001dd6b6718b0 DEOPT UNPACKING pc=0x000001dd51e6a1a3 sp=0x0000005de83ff1b0 mode 2

Classes unloaded (0 events):
No events

Classes redefined (0 events):
No events

Internal exceptions (20 events):
Event: 1.939 Thread 0x000001dd6b6718b0 Exception <a 'java/lang/NoSuchMethodError'{0x0000000713421ae8}: 'int java.lang.invoke.DirectMethodHandle$Holder.invokeStaticInit(java.lang.Object, long, long)'> (0x0000000713421ae8) 
thrown [s\src\hotspot\share\interpreter\linkResolver.cpp, line 771]
Event: 1.939 Thread 0x000001dd6b6718b0 Exception <a 'java/lang/NoSuchMethodError'{0x0000000713428be0}: 'int java.lang.invoke.DirectMethodHandle$Holder.invokeStaticInit(java.lang.Object, float, float)'> (0x0000000713428be0) 
thrown [s\src\hotspot\share\interpreter\linkResolver.cpp, line 771]
Event: 1.939 Thread 0x000001dd6b6718b0 Exception <a 'java/lang/NoSuchMethodError'{0x000000071342fce0}: 'int java.lang.invoke.DirectMethodHandle$Holder.invokeStaticInit(java.lang.Object, double, double)'> (0x000000071342fce0) 
thrown [s\src\hotspot\share\interpreter\linkResolver.cpp, line 771]
Event: 1.939 Thread 0x000001dd6b6718b0 Exception <a 'java/lang/NoSuchMethodError'{0x0000000713434590}: 'int java.lang.invoke.DirectMethodHandle$Holder.invokeStatic(java.lang.Object, long)'> (0x0000000713434590) 
thrown [s\src\hotspot\share\interpreter\linkResolver.cpp, line 771]
Event: 1.946 Thread 0x000001dd6b6718b0 Exception <a 'java/lang/NoSuchMethodError'{0x0000000713458c90}: 'int java.lang.invoke.Invokers$Holder.linkToTargetMethod(java.lang.Object, java.lang.Object)'> (0x0000000713458c90) 
thrown [s\src\hotspot\share\interpreter\linkResolver.cpp, line 771]
Event: 7.335 Thread 0x000001dd6b6718b0 Exception <a 'java/lang/NoSuchMethodError'{0x0000000705c7f810}: 'java.lang.Object java.lang.invoke.DirectMethodHandle$Holder.invokeStaticInit(java.lang.Object, int, int, int, int)'> (0x0000000705c7f810) 
thrown [s\src\hotspot\share\interpreter\linkResolver.cpp, line 771]
Event: 7.397 Thread 0x000001dd6b6718b0 Exception <a 'java/lang/NoSuchMethodError'{0x0000000705cbd210}: 'java.lang.Object java.lang.invoke.DirectMethodHandle$Holder.invokeStaticInit(java.lang.Object, java.lang.Object, int, int, int, int)'> (0x0000000705cbd210) 
thrown [s\src\hotspot\share\interpreter\linkResolver.cpp, line 771]
Event: 7.460 Thread 0x000001dd6b6718b0 Implicit null exception at 0x000001dd523e93f5 to 0x000001dd523e9bc8
Event: 7.500 Thread 0x000001dd6b6718b0 Exception <a 'java/lang/UnsatisfiedLinkError'{0x0000000705aca338}: 找不到指定的程序。
> (0x0000000705aca338) 
thrown [s\src\hotspot\share\prims\jni.cpp, line 536]
Event: 7.504 Thread 0x000001dd6b6718b0 Exception <a 'java/lang/UnsatisfiedLinkError'{0x0000000705ad94d0}: 找不到指定的程序。
> (0x0000000705ad94d0) 
thrown [s\src\hotspot\share\prims\jni.cpp, line 536]
Event: 7.520 Thread 0x000001dd6b6718b0 Exception <a 'java/lang/UnsatisfiedLinkError'{0x0000000705b346f0}: 找不到指定的程序。
> (0x0000000705b346f0) 
thrown [s\src\hotspot\share\prims\jni.cpp, line 536]
Event: 7.522 Thread 0x000001dd6b6718b0 Exception <a 'java/lang/UnsatisfiedLinkError'{0x0000000705b41318}: 找不到指定的程序。
> (0x0000000705b41318) 
thrown [s\src\hotspot\share\prims\jni.cpp, line 536]
Event: 7.528 Thread 0x000001dd6b6718b0 Exception <a 'java/lang/UnsatisfiedLinkError'{0x0000000705b84a18}: 找不到指定的程序。
> (0x0000000705b84a18) 
thrown [s\src\hotspot\share\prims\jni.cpp, line 536]
Event: 7.530 Thread 0x000001dd6bdec050 Exception <a 'java/lang/UnsatisfiedLinkError'{0x00000007145a5af0}: 找不到指定的程序。
> (0x00000007145a5af0) 
thrown [s\src\hotspot\share\prims\jni.cpp, line 536]
Event: 14.952 Thread 0x000001dd6bc8e130 Implicit null exception at 0x000001dd524c0b32 to 0x000001dd524c0b80
Event: 76.381 Thread 0x000001dd6bc8e130 Exception <a 'java/lang/NoSuchMethodError'{0x000000070bdaf9a0}: 'java.lang.Object java.lang.invoke.DirectMethodHandle$Holder.invokeSpecial(java.lang.Object, java.lang.Object, float)'> (0x000000070bdaf9a0) 
thrown [s\src\hotspot\share\interpreter\linkResolver.cpp, line 771]
Event: 591.399 Thread 0x000001dd6b6718b0 Exception <a 'java/lang/NoSuchMethodError'{0x000000070967c778}: 'void java.lang.invoke.DirectMethodHandle$Holder.invokeInterface(java.lang.Object, java.lang.Object)'> (0x000000070967c778) 
thrown [s\src\hotspot\share\interpreter\linkResolver.cpp, line 771]
Event: 591.944 Thread 0x000001dd6b6718b0 Exception <a 'sun/java2d/InvalidPipeException'{0x00000007096895b0}: GDIWindowSurfaceData: bounds changed> (0x00000007096895b0) 
thrown [s\src\hotspot\share\prims\jni.cpp, line 536]
Event: 591.944 Thread 0x000001dd6b6718b0 Exception <a 'sun/java2d/InvalidPipeException'{0x0000000709689e50}: GDIWindowSurfaceData: bounds changed> (0x0000000709689e50) 
thrown [s\src\hotspot\share\prims\jni.cpp, line 536]
Event: 591.950 Thread 0x000001dd6b0228c0 Exception <a 'java/lang/NoSuchMethodError'{0x000000070bcf9b90}: static Lorg/jetbrains/skiko/RenderExceptionsHandler;.throwException(Ljava/lang/String;)V> (0x000000070bcf9b90) 
thrown [s\src\hotspot\share\prims\jni.cpp, line 1108]

VM Operations (20 events):
Event: 586.303 Executing VM operation: HandshakeAllThreads
Event: 586.303 Executing VM operation: HandshakeAllThreads done
Event: 586.772 Executing VM operation: G1CollectForAllocation
Event: 586.775 Executing VM operation: G1CollectForAllocation done
Event: 587.436 Executing VM operation: G1CollectForAllocation
Event: 587.438 Executing VM operation: G1CollectForAllocation done
Event: 588.100 Executing VM operation: G1CollectForAllocation
Event: 588.101 Executing VM operation: G1CollectForAllocation done
Event: 589.018 Executing VM operation: G1CollectForAllocation
Event: 589.019 Executing VM operation: G1CollectForAllocation done
Event: 589.672 Executing VM operation: G1CollectForAllocation
Event: 589.674 Executing VM operation: G1CollectForAllocation done
Event: 590.334 Executing VM operation: G1CollectForAllocation
Event: 590.336 Executing VM operation: G1CollectForAllocation done
Event: 591.403 Executing VM operation: HandshakeAllThreads
Event: 591.403 Executing VM operation: HandshakeAllThreads done
Event: 591.403 Executing VM operation: Cleanup
Event: 591.403 Executing VM operation: Cleanup done
Event: 591.946 Executing VM operation: HandshakeAllThreads
Event: 591.946 Executing VM operation: HandshakeAllThreads done

Events (20 events):
Event: 591.950 Thread 0x000001dd66453870 flushing nmethod 0x000001dd4b04ad10
Event: 591.950 Thread 0x000001dd66453870 flushing nmethod 0x000001dd4b04d890
Event: 591.950 Thread 0x000001dd66453870 flushing nmethod 0x000001dd4b05d990
Event: 591.950 Thread 0x000001dd66453870 flushing nmethod 0x000001dd4b072910
Event: 591.950 Thread 0x000001dd66453870 flushing nmethod 0x000001dd4b0e4490
Event: 591.950 Thread 0x000001dd66453870 flushing nmethod 0x000001dd4b0ecd10
Event: 591.950 Thread 0x000001dd66453870 flushing nmethod 0x000001dd4b0ee310
Event: 591.950 Thread 0x000001dd66453870 flushing nmethod 0x000001dd4b0f1d90
Event: 591.950 Thread 0x000001dd66453870 flushing nmethod 0x000001dd4b0f4010
Event: 591.950 Thread 0x000001dd66453870 flushing nmethod 0x000001dd4b0f8610
Event: 591.951 Thread 0x000001dd66453870 flushing nmethod 0x000001dd4b10c410
Event: 591.951 Thread 0x000001dd66453870 flushing nmethod 0x000001dd4b117290
Event: 591.951 Thread 0x000001dd66453870 flushing nmethod 0x000001dd4b122a10
Event: 591.951 Thread 0x000001dd66453870 flushing nmethod 0x000001dd4b126d10
Event: 591.951 Thread 0x000001dd66453870 flushing nmethod 0x000001dd4b134810
Event: 591.951 Thread 0x000001dd66453870 flushing nmethod 0x000001dd4b142710
Event: 591.951 Thread 0x000001dd66453870 flushing nmethod 0x000001dd4b145710
Event: 591.951 Thread 0x000001dd66453870 flushing nmethod 0x000001dd4b151110
Event: 591.951 Thread 0x000001dd66453870 flushing nmethod 0x000001dd4b15ae90
Event: 591.951 Thread 0x000001dd66453870 flushing nmethod 0x000001dd4b177c10


Dynamic libraries:
0x00007ff682f30000 - 0x00007ff682f3a000 	C:\Program Files\JetBrains\IntelliJ IDEA Community Edition 2023.1.4\jbr\bin\java.exe
0x00007ff9ec750000 - 0x00007ff9ec967000 	C:\WINDOWS\SYSTEM32\ntdll.dll
0x00007ff9eb7a0000 - 0x00007ff9eb864000 	C:\WINDOWS\System32\KERNEL32.DLL
0x00007ff9e9b00000 - 0x00007ff9e9ea6000 	C:\WINDOWS\System32\KERNELBASE.dll
0x00007ff9ea160000 - 0x00007ff9ea271000 	C:\WINDOWS\System32\ucrtbase.dll
0x00007ff9e2360000 - 0x00007ff9e237b000 	C:\Program Files\JetBrains\IntelliJ IDEA Community Edition 2023.1.4\jbr\bin\VCRUNTIME140.dll
0x00007ff980a30000 - 0x00007ff980a47000 	C:\Program Files\JetBrains\IntelliJ IDEA Community Edition 2023.1.4\jbr\bin\jli.dll
0x00007ff9ec430000 - 0x00007ff9ec5dd000 	C:\WINDOWS\System32\USER32.dll
0x00007ff9e9ad0000 - 0x00007ff9e9af6000 	C:\WINDOWS\System32\win32u.dll
0x00007ff9ea940000 - 0x00007ff9ea969000 	C:\WINDOWS\System32\GDI32.dll
0x00007ff9cffd0000 - 0x00007ff9d0263000 	C:\WINDOWS\WinSxS\amd64_microsoft.windows.common-controls_6595b64144ccf1df_6.0.22621.2361_none_2712ced57382f843\COMCTL32.dll
0x00007ff9e9f30000 - 0x00007ff9ea048000 	C:\WINDOWS\System32\gdi32full.dll
0x00007ff9ea890000 - 0x00007ff9ea937000 	C:\WINDOWS\System32\msvcrt.dll
0x00007ff9ea050000 - 0x00007ff9ea0ea000 	C:\WINDOWS\System32\msvcp_win.dll
0x00007ff9ebda0000 - 0x00007ff9ebdd1000 	C:\WINDOWS\System32\IMM32.DLL
0x00007ff9e3880000 - 0x00007ff9e388c000 	C:\Program Files\JetBrains\IntelliJ IDEA Community Edition 2023.1.4\jbr\bin\vcruntime140_1.dll
0x00007ff9d2190000 - 0x00007ff9d221d000 	C:\Program Files\JetBrains\IntelliJ IDEA Community Edition 2023.1.4\jbr\bin\msvcp140.dll
0x00007ff980d10000 - 0x00007ff98197e000 	C:\Program Files\JetBrains\IntelliJ IDEA Community Edition 2023.1.4\jbr\bin\server\jvm.dll
0x00007ff9eab50000 - 0x00007ff9eac00000 	C:\WINDOWS\System32\ADVAPI32.dll
0x00007ff9eb5b0000 - 0x00007ff9eb656000 	C:\WINDOWS\System32\sechost.dll
0x00007ff9ec5e0000 - 0x00007ff9ec6f7000 	C:\WINDOWS\System32\RPCRT4.dll
0x00007ff9bddf0000 - 0x00007ff9bddf9000 	C:\WINDOWS\SYSTEM32\WSOCK32.dll
0x00007ff9ea4b0000 - 0x00007ff9ea521000 	C:\WINDOWS\System32\WS2_32.dll
0x00007ff9de450000 - 0x00007ff9de45a000 	C:\WINDOWS\SYSTEM32\VERSION.dll
0x00007ff9de930000 - 0x00007ff9de964000 	C:\WINDOWS\SYSTEM32\WINMM.dll
0x00007ff9e8b80000 - 0x00007ff9e8b98000 	C:\WINDOWS\SYSTEM32\kernel.appcore.dll
0x00007ff9bc280000 - 0x00007ff9bc28a000 	C:\Program Files\JetBrains\IntelliJ IDEA Community Edition 2023.1.4\jbr\bin\jimage.dll
0x00007ff9e7410000 - 0x00007ff9e763e000 	C:\WINDOWS\SYSTEM32\DBGHELP.DLL
0x00007ff9eba10000 - 0x00007ff9ebd9a000 	C:\WINDOWS\System32\combase.dll
0x00007ff9eb6c0000 - 0x00007ff9eb797000 	C:\WINDOWS\System32\OLEAUT32.dll
0x00007ff9c9090000 - 0x00007ff9c90c2000 	C:\WINDOWS\SYSTEM32\dbgcore.DLL
0x00007ff9e9eb0000 - 0x00007ff9e9f2a000 	C:\WINDOWS\System32\bcryptPrimitives.dll
0x00007ff997080000 - 0x00007ff99708e000 	C:\Program Files\JetBrains\IntelliJ IDEA Community Edition 2023.1.4\jbr\bin\instrument.dll
0x00007ff980ce0000 - 0x00007ff980d05000 	C:\Program Files\JetBrains\IntelliJ IDEA Community Edition 2023.1.4\jbr\bin\java.dll
0x00007ff9a93d0000 - 0x00007ff9a93e8000 	C:\Program Files\JetBrains\IntelliJ IDEA Community Edition 2023.1.4\jbr\bin\zip.dll
0x00007ff9ead50000 - 0x00007ff9eb5a8000 	C:\WINDOWS\System32\SHELL32.dll
0x00007ff9e7a30000 - 0x00007ff9e8322000 	C:\WINDOWS\SYSTEM32\windows.storage.dll
0x00007ff9e78f0000 - 0x00007ff9e7a2e000 	C:\WINDOWS\SYSTEM32\wintypes.dll
0x00007ff9ea5d0000 - 0x00007ff9ea6c3000 	C:\WINDOWS\System32\SHCORE.dll
0x00007ff9ea540000 - 0x00007ff9ea59e000 	C:\WINDOWS\System32\shlwapi.dll
0x00007ff9e9a00000 - 0x00007ff9e9a26000 	C:\WINDOWS\SYSTEM32\profapi.dll
0x00007ff996c80000 - 0x00007ff996c99000 	C:\Program Files\JetBrains\IntelliJ IDEA Community Edition 2023.1.4\jbr\bin\net.dll
0x00007ff9e0f70000 - 0x00007ff9e10a7000 	C:\WINDOWS\SYSTEM32\WINHTTP.dll
0x00007ff9e9080000 - 0x00007ff9e90e9000 	C:\WINDOWS\system32\mswsock.dll
0x00007ff980cc0000 - 0x00007ff980cd6000 	C:\Program Files\JetBrains\IntelliJ IDEA Community Edition 2023.1.4\jbr\bin\nio.dll
0x00007ff9d2510000 - 0x00007ff9d252a000 	C:\Program Files\JetBrains\IntelliJ IDEA Community Edition 2023.1.4\bin\breakgen64.dll
0x00007ff980b20000 - 0x00007ff980cb8000 	C:\Program Files\JetBrains\IntelliJ IDEA Community Edition 2023.1.4\jbr\bin\awt.dll
0x00007ff9e6cb0000 - 0x00007ff9e6cdb000 	C:\WINDOWS\SYSTEM32\dwmapi.dll
0x00007ff9e42d0000 - 0x00007ff9e4367000 	C:\WINDOWS\SYSTEM32\apphelp.dll
0x00007ff9e6a50000 - 0x00007ff9e6afb000 	C:\WINDOWS\system32\uxtheme.dll
0x00007ff9ebde0000 - 0x00007ff9ebf2c000 	C:\WINDOWS\System32\MSCTF.dll
0x00007ff9eb870000 - 0x00007ff9eba0f000 	C:\WINDOWS\System32\ole32.dll
0x00007ff9b46b0000 - 0x00007ff9b47b0000 	C:\WINDOWS\system32\opengl32.dll
0x00007ff9b4680000 - 0x00007ff9b46ad000 	C:\WINDOWS\SYSTEM32\GLU32.dll
0x00007ff9e6b60000 - 0x00007ff9e6b96000 	C:\WINDOWS\SYSTEM32\dxcore.dll
0x00007ff96aa00000 - 0x00007ff96ba0f000 	C:\Users\85963\.skiko\58752788008ddd92aea4562f2a41915f7f74e689ca70e0fbada57f009a92b9cf\skiko-windows-x64.dll
0x00007ff9c1dc0000 - 0x00007ff9c1f79000 	C:\WINDOWS\WinSxS\amd64_microsoft.windows.gdiplus_6595b64144ccf1df_1.1.22621.1778_none_57fe2016ce1542ec\gdiplus.dll
0x00007ff9809a0000 - 0x00007ff980a26000 	C:\Program Files\JetBrains\IntelliJ IDEA Community Edition 2023.1.4\jbr\bin\freetype.dll
0x00007ff9808d0000 - 0x00007ff980999000 	C:\Program Files\JetBrains\IntelliJ IDEA Community Edition 2023.1.4\jbr\bin\fontmanager.dll
0x00007ff9e2510000 - 0x00007ff9e2517000 	C:\Program Files\JetBrains\IntelliJ IDEA Community Edition 2023.1.4\jbr\bin\jawt.dll
0x00007ff9e6ba0000 - 0x00007ff9e6c98000 	C:\WINDOWS\SYSTEM32\Dxgi.dll
0x00007ff9e1a60000 - 0x00007ff9e1aaa000 	C:\WINDOWS\SYSTEM32\directxdatabasehelper.dll
0x00007ff9d24e0000 - 0x00007ff9d2509000 	C:\WINDOWS\SYSTEM32\D3D12.dll
0x00007ff9c9af0000 - 0x00007ff9c9cf3000 	C:\WINDOWS\SYSTEM32\D3D12Core.dll
0x00007ff9e97c0000 - 0x00007ff9e980e000 	C:\WINDOWS\SYSTEM32\cfgmgr32.dll
0x00007ff9ea340000 - 0x00007ff9ea4a6000 	C:\WINDOWS\System32\CRYPT32.dll
0x00007ff9e9490000 - 0x00007ff9e94b8000 	C:\WINDOWS\SYSTEM32\bcrypt.dll
0x00007ff9e9790000 - 0x00007ff9e97bc000 	C:\WINDOWS\SYSTEM32\DEVOBJ.dll
0x00007ff9ea0f0000 - 0x00007ff9ea15c000 	C:\WINDOWS\System32\WINTRUST.dll
0x00007ff9e9330000 - 0x00007ff9e9342000 	C:\WINDOWS\SYSTEM32\MSASN1.dll
0x00007ff9d43b0000 - 0x00007ff9d80ac000 	C:\WINDOWS\System32\DriverStore\FileRepository\iigd_dch.inf_amd64_8b9f6a3991e8848f\igc64.dll
0x00007ff9d2410000 - 0x00007ff9d2437000 	C:\WINDOWS\System32\DriverStore\FileRepository\iigd_dch.inf_amd64_8b9f6a3991e8848f\igd12umd64.dll
0x00007ff969d40000 - 0x00007ff96a9f9000 	C:\WINDOWS\System32\DriverStore\FileRepository\iigd_dch.inf_amd64_8b9f6a3991e8848f\igd12um64xel.dll
0x00007ff9b6d00000 - 0x00007ff9b6d44000 	C:\WINDOWS\SYSTEM32\ControlLib.dll
0x00007ff9ebf30000 - 0x00007ff9ec3a4000 	C:\WINDOWS\System32\SETUPAPI.dll
0x00007ff9de170000 - 0x00007ff9de1f8000 	C:\WINDOWS\System32\DriverStore\FileRepository\iigd_dch.inf_amd64_8b9f6a3991e8848f\IntelControlLib.dll
0x00007ff9dbb20000 - 0x00007ff9dbf37000 	C:\WINDOWS\System32\DriverStore\FileRepository\iigd_dch.inf_amd64_8b9f6a3991e8848f\igdgmm64.dll
0x00007ff9d22c0000 - 0x00007ff9d22ef000 	C:\WINDOWS\SYSTEM32\D3DSCache.dll
0x00007ff9e9170000 - 0x00007ff9e919c000 	C:\WINDOWS\SYSTEM32\USERENV.dll
0x00007ff968990000 - 0x00007ff969d35000 	C:\WINDOWS\System32\DriverStore\FileRepository\iigd_dch.inf_amd64_8b9f6a3991e8848f\igd12dxva64.dll
0x00007ff981d00000 - 0x00007ff983a20000 	C:\WINDOWS\System32\DriverStore\FileRepository\iigd_dch.inf_amd64_8b9f6a3991e8848f\media_bin_64.dll
0x00007ff9bb8c0000 - 0x00007ff9bb8e7000 	C:\WINDOWS\System32\DriverStore\FileRepository\iigd_dch.inf_amd64_8b9f6a3991e8848f\igdinfo64.dll
0x00007ff9e92d0000 - 0x00007ff9e92eb000 	C:\WINDOWS\SYSTEM32\CRYPTSP.dll
0x00007ff9e8ae0000 - 0x00007ff9e8b15000 	C:\WINDOWS\system32\rsaenh.dll
0x00007ff9e92f0000 - 0x00007ff9e92fc000 	C:\WINDOWS\SYSTEM32\CRYPTBASE.dll
0x00007ff9df460000 - 0x00007ff9df6e5000 	C:\WINDOWS\SYSTEM32\twinapi.appcore.dll
0x00007ff9e3370000 - 0x00007ff9e35e3000 	C:\WINDOWS\SYSTEM32\dwrite.dll
0x00007ff9e3960000 - 0x00007ff9e3bb1000 	C:\WINDOWS\SYSTEM32\dcomp.dll
0x00007ff980070000 - 0x00007ff980522000 	C:\Program Files\JetBrains\IntelliJ IDEA Community Edition 2023.1.4\jbr\bin\d3dcompiler_47.dll
0x00007ff9d8c10000 - 0x00007ff9d8d5a000 	C:\WINDOWS\SYSTEM32\textinputframework.dll
0x00007ff9e3ff0000 - 0x00007ff9e4123000 	C:\WINDOWS\SYSTEM32\CoreMessaging.dll
0x00007ff9e1240000 - 0x00007ff9e15ac000 	C:\WINDOWS\SYSTEM32\CoreUIComponents.dll
0x00007ff9e8580000 - 0x00007ff9e85ad000 	C:\WINDOWS\SYSTEM32\IPHLPAPI.DLL
0x00007ff9eac90000 - 0x00007ff9eac99000 	C:\WINDOWS\System32\NSI.dll
0x00007ff9df2f0000 - 0x00007ff9df309000 	C:\WINDOWS\SYSTEM32\dhcpcsvc6.DLL
0x00007ff9df2d0000 - 0x00007ff9df2ef000 	C:\WINDOWS\SYSTEM32\dhcpcsvc.DLL
0x00007ff9e85b0000 - 0x00007ff9e86a9000 	C:\WINDOWS\SYSTEM32\DNSAPI.dll
0x00007ff9d1de0000 - 0x00007ff9d1e25000 	C:\Users\85963\AppData\Local\Temp\jna-53352601\jna17911792708970822436.dll
0x00007ff9ea530000 - 0x00007ff9ea538000 	C:\WINDOWS\System32\PSAPI.DLL
0x00007ff9c1560000 - 0x00007ff9c15cb000 	C:\WINDOWS\system32\Ninput.dll

dbghelp: loaded successfully - version: 4.0.5 - missing functions: none
symbol engine: initialized successfully - sym options: 0x614 - pdb path: .;C:\Program Files\JetBrains\IntelliJ IDEA Community Edition 2023.1.4\jbr\bin;C:\WINDOWS\SYSTEM32;C:\WINDOWS\WinSxS\amd64_microsoft.windows.common-controls_6595b64144ccf1df_6.0.22621.2361_none_2712ced57382f843;C:\Program Files\JetBrains\IntelliJ IDEA Community Edition 2023.1.4\jbr\bin\server;C:\Program Files\JetBrains\IntelliJ IDEA Community Edition 2023.1.4\bin;C:\Users\85963\.skiko\58752788008ddd92aea4562f2a41915f7f74e689ca70e0fbada57f009a92b9cf;C:\WINDOWS\WinSxS\amd64_microsoft.windows.gdiplus_6595b64144ccf1df_1.1.22621.1778_none_57fe2016ce1542ec;C:\WINDOWS\System32\DriverStore\FileRepository\iigd_dch.inf_amd64_8b9f6a3991e8848f;C:\Users\85963\AppData\Local\Temp\jna-53352601

VM Arguments:
jvm_args: -Djava.library.path=C:\Users\85963\IdeaProjects\demo1\build\classes\kotlin\jvm\main;C:\Users\85963\IdeaProjects\demo1\build\processedResources\jvm\main -javaagent:C:\Program Files\JetBrains\IntelliJ IDEA Community Edition 2023.1.4\lib\idea_rt.jar=54558:C:\Program Files\JetBrains\IntelliJ IDEA Community Edition 2023.1.4\bin -Dfile.encoding=UTF-8 
java_command: MainKt
java_class_path (initial): C:\Users\85963\IdeaProjects\demo1\build\classes\kotlin\jvm\main;C:\Users\85963\IdeaProjects\demo1\build\processedResources\jvm\main;C:\Users\85963\.gradle\caches\modules-2\files-2.1\org.jetbrains.kotlin\kotlin-stdlib-jdk8\1.8.0\ed04f49e186a116753ad70d34f0ac2925d1d8020\kotlin-stdlib-jdk8-1.8.0.jar;C:\Users\85963\.gradle\caches\modules-2\files-2.1\net.java.dev.jna\jna-platform\5.13.0\88e9a306715e9379f3122415ef4ae759a352640d\jna-platform-5.13.0.jar;C:\Users\85963\.gradle\caches\modules-2\files-2.1\net.sourceforge.tess4j\tess4j\5.7.0\941ecee9af519e70182854eef2f109b2efad88d6\tess4j-5.7.0.jar;C:\Users\85963\.gradle\caches\modules-2\files-2.1\org.jetbrains.kotlinx\kotlinx-coroutines-core-jvm\1.6.4\2c997cd1c0ef33f3e751d3831929aeff1390cb30\kotlinx-coroutines-core-jvm-1.6.4.jar;C:\Users\85963\.gradle\caches\modules-2\files-2.1\org.jetbrains.skiko\skiko-awt-runtime-windows-x64\0.7.50\659400d4c3644bd9fa21db987698ccd87ceedf3d\skiko-awt-runtime-windows-x64-0.7.50.jar;C:\Users\85963\.gradle\caches\modules-2\files-2.1\org.jetbrains.kotlin\kotlin-stdlib-jdk7\1.8.0\3c91271347f678c239607abb676d4032a7898427\kotlin-stdlib-jdk7-1.8.0.jar;C:\Users\85963\.gradle\caches\modules-2\files-2.1\org.jetbrains.kotlin\kotlin-stdlib\1.8.0\1796921c7a3e2e2665a83e6c8d33399336cd39bc\kotlin-stdlib-1.8.0.jar;C:\Users\85963\.gradle\caches\modules-2\files-2.1\net.java.dev.jna\jna\5.13.0\1200e7ebeedbe0d10062093f32925a912020e747\jna-5.13.0.jar;C:\Users\85963\.gradle\caches\modules-2\files-2.1\net.sourceforge.lept4j\lept4j\1.18.0\71cc6f4acdbec993c314f2fe433b3235a3ac0670\lept4j-1.18.0.jar;C:\Users\85963\.gradle\caches\modules-2\files-2.1\com.github.jai-imageio\jai-imageio-core\1.4.0\fb6d79b929556362a241b2f65a04e538062f0077\jai-imageio-core-1.4.0.jar;C:\Users\85963\.gradle\caches\modules-2\files-2.1\org.apache.pdfbox\pdfbox-tools\2.0.27\cef8b406d921cfeda9837a9e5d519d0945e9065\pdfbox-tools-2.0.27.jar;C:\Users\85963\.gradle\caches\modules-2\files-2.1\org.apache.pdfbox\pdfbox\2.0.27\416
Launcher Type: SUN_STANDARD

[Global flags]
     intx CICompilerCount                          = 4                                         {product} {ergonomic}
     uint ConcGCThreads                            = 2                                         {product} {ergonomic}
     uint G1ConcRefinementThreads                  = 8                                         {product} {ergonomic}
   size_t G1HeapRegionSize                         = 2097152                                   {product} {ergonomic}
    uintx GCDrainStackTargetSize                   = 64                                        {product} {ergonomic}
   size_t InitialHeapSize                          = 264241152                                 {product} {ergonomic}
   size_t MarkStackSize                            = 4194304                                   {product} {ergonomic}
   size_t MaxHeapSize                              = 4217372672                                {product} {ergonomic}
   size_t MaxNewSize                               = 2529165312                                {product} {ergonomic}
   size_t MinHeapDeltaBytes                        = 2097152                                   {product} {ergonomic}
   size_t MinHeapSize                              = 8388608                                   {product} {ergonomic}
    uintx NonNMethodCodeHeapSize                   = 5839372                                {pd product} {ergonomic}
    uintx NonProfiledCodeHeapSize                  = 122909434                              {pd product} {ergonomic}
    uintx ProfiledCodeHeapSize                     = 122909434                              {pd product} {ergonomic}
    uintx ReservedCodeCacheSize                    = 251658240                              {pd product} {ergonomic}
     bool SegmentedCodeCache                       = true                                      {product} {ergonomic}
   size_t SoftMaxHeapSize                          = 4217372672                             {manageable} {ergonomic}
     bool UseCompressedClassPointers               = true                           {product lp64_product} {ergonomic}
     bool UseCompressedOops                        = true                           {product lp64_product} {ergonomic}
     bool UseG1GC                                  = true                                      {product} {ergonomic}
     bool UseLargePagesIndividualAllocation        = false                                  {pd product} {ergonomic}

Logging:
Log output configuration:
 #0: stdout all=warning uptime,level,tags
 #1: stderr all=off uptime,level,tags

Environment Variables:
JAVA_HOME=C:\Users\85963\.jdks\corretto-11.0.19
PATH=C:\WINDOWS\system32;C:\WINDOWS;C:\WINDOWS\System32\Wbem;C:\WINDOWS\System32\WindowsPowerShell\v1.0\;C:\WINDOWS\System32\OpenSSH\;%JAVA_HOME%\bin;%JAVA_HOME%\jre;%ANDROID_HOME%\platform-tools;C:\Program Files (x86)\dotnet\;C:\Users\85963\AppData\Local\Microsoft\WindowsApps;C:\Program Files\JetBrains\IntelliJ IDEA Community Edition 2023.1.4\bin;;C:\Users\85963\.jdks\corretto-11.0.19\bin;C:\Users\85963\.jdks\corretto-11.0.19\jre;C:\Users\85963\AppData\Local\Android\Sdk\platform-tools;
USERNAME=85963
OS=Windows_NT
PROCESSOR_IDENTIFIER=Intel64 Family 6 Model 140 Stepping 1, GenuineIntel
TMP=C:\Users\85963\AppData\Local\Temp
TEMP=C:\Users\85963\AppData\Local\Temp


JNI global refs:
JNI global refs: 150, weak refs: 64

JNI global refs memory usage: 2107, weak refs: 1473


---------------  S Y S T E M  ---------------

OS:
 Windows 11 , 64 bit Build 22621 (10.0.22621.2428)
OS uptime: 0 days 10:21 hours

CPU: total 8 (initial active 8) (4 cores per cpu, 2 threads per core) family 6 model 140 stepping 1 microcode 0x86, cx8, cmov, fxsr, ht, mmx, 3dnowpref, sse, sse2, sse3, ssse3, sse4.1, sse4.2, popcnt, lzcnt, tsc, tscinvbit, avx, avx2, aes, erms, clmul, bmi1, bmi2, adx, avx512f, avx512dq, avx512cd, avx512bw, avx512vl, sha, fma, vzeroupper, avx512_vpopcntdq, avx512_vpclmulqdq, avx512_vaes, avx512_vnni, clflush, clflushopt, clwb, avx512_vbmi2, avx512_vbmi

Memory: 4k page, system-wide physical 16082M (5954M free)
TotalPageFile size 20434M (AvailPageFile size 7938M)
current process WorkingSet (physical memory assigned to process): 360M, peak: 361M
current process commit charge ("private bytes"): 402M, peak: 419M

vm_info: OpenJDK 64-Bit Server VM (17.0.7+10-b829.16) for windows-amd64 JRE (17.0.7+10-b829.16), built on 2023-06-02 by "builduser" with MS VC++ 16.10 / 16.11 (VS2019)

END.
